<?xml version="1.0" encoding="UTF-8"?>
<!-- Generated by org.testng.reporters.JUnitReportReporter -->
<testsuite skipped="0" hostname="HININL151173" name="com.orangeHRM.app.Normal_Login_Class" tests="2" failures="0" timestamp="17 ноя 2020 12:08:20 GMT" time="6.573" errors="0">
  <testcase name="ForgetPassword" time="2.807" classname="com.orangeHRM.app.Normal_Login_Class"/>
  <testcase name="Logout" time="3.766" classname="com.orangeHRM.app.Normal_Login_Class"/>
</testsuite> <!-- com.orangeHRM.app.Normal_Login_Class -->
