<?xml version="1.0" encoding="UTF-8"?>
<!-- Generated by org.testng.reporters.JUnitReportReporter -->
<testsuite skipped="0" hostname="HININL151173" name="com.orangeHRM.app.HeadlessBrowser_Chrome" tests="2" failures="0" timestamp="05 ноя 2020 12:01:57 GMT" time="6.640" errors="0">
  <testcase name="Chrome_Headless" time="2.757" classname="com.orangeHRM.app.HeadlessBrowser_Chrome"/>
  <testcase name="Logout" time="3.883" classname="com.orangeHRM.app.HeadlessBrowser_Chrome"/>
</testsuite> <!-- com.orangeHRM.app.HeadlessBrowser_Chrome -->
