<?xml version="1.0" encoding="UTF-8"?>
<!-- Generated by org.testng.reporters.JUnitReportReporter -->
<testsuite skipped="0" hostname="HININL151173" name="com.orangeHRM.app.OrangeHRM_AddUser_Parameterization_Using_DataProvider" tests="4" failures="0" timestamp="18 ноя 2020 16:29:55 GMT" time="40.318" errors="0">
  <testcase name="OpenMenu" time="1.126" classname="com.orangeHRM.app.OrangeHRM_AddUser_Parameterization_Using_DataProvider"/>
  <testcase name="AddUser" time="13.201" classname="com.orangeHRM.app.OrangeHRM_AddUser_Parameterization_Using_DataProvider"/>
  <testcase name="AddUser" time="13.010" classname="com.orangeHRM.app.OrangeHRM_AddUser_Parameterization_Using_DataProvider"/>
  <testcase name="AddUser" time="12.981" classname="com.orangeHRM.app.OrangeHRM_AddUser_Parameterization_Using_DataProvider"/>
</testsuite> <!-- com.orangeHRM.app.OrangeHRM_AddUser_Parameterization_Using_DataProvider -->
