<?xml version="1.0" encoding="UTF-8"?>
<!-- Generated by org.testng.reporters.JUnitReportReporter -->
<testsuite skipped="0" hostname="HININL151173" name="com.orangeHRM.app.DragDrop2" tests="1" failures="0" timestamp="09 ноя 2020 12:08:24 GMT" time="8.191" errors="0">
  <testcase name="MouseOver" time="8.191" classname="com.orangeHRM.app.DragDrop2"/>
</testsuite> <!-- com.orangeHRM.app.DragDrop2 -->
