<?xml version="1.0" encoding="UTF-8"?>
<!-- Generated by org.testng.reporters.JUnitReportReporter -->
<testsuite skipped="0" hostname="HININL151173" name="com.orangeHRM.app.Verifu_AllLinks_For_GoogleWebPage" tests="1" failures="0" timestamp="23 ноя 2020 13:50:46 GMT" time="56.889" errors="0">
  <testcase name="Grab_All_Link_from_Page" time="56.889" classname="com.orangeHRM.app.Verifu_AllLinks_For_GoogleWebPage"/>
</testsuite> <!-- com.orangeHRM.app.Verifu_AllLinks_For_GoogleWebPage -->
