<?xml version="1.0" encoding="UTF-8"?>
<!-- Generated by org.testng.reporters.JUnitReportReporter -->
<testsuite skipped="0" hostname="HININL151173" name="com.orangeHRM.app.DeleteUserName" tests="2" failures="0" timestamp="18 ноя 2020 16:33:58 GMT" time="2.824" errors="0">
  <testcase name="Employeelist" time="2.006" classname="com.orangeHRM.app.DeleteUserName"/>
  <testcase name="Delete_Employees" time="0.818" classname="com.orangeHRM.app.DeleteUserName"/>
</testsuite> <!-- com.orangeHRM.app.DeleteUserName -->
