<?xml version="1.0" encoding="UTF-8"?>
<!-- Generated by org.testng.reporters.JUnitReportReporter -->
<testsuite skipped="0" hostname="HININL151173" name="com.orangeHRM.app.SmokeTest" tests="1" failures="0" timestamp="18 ноя 2020 13:12:34 GMT" time="0.013" errors="0">
  <testcase name="SmokeTestExecution" time="0.013" classname="com.orangeHRM.app.SmokeTest"/>
</testsuite> <!-- com.orangeHRM.app.SmokeTest -->
