<?xml version="1.0" encoding="UTF-8"?>
<!-- Generated by org.testng.reporters.JUnitReportReporter -->
<testsuite skipped="0" hostname="HININL151173" name="com.TestCalc.app.Calc" tests="2" failures="0" timestamp="16 апр 2022 14:49:33 GMT" time="0.085" errors="0">
  <testcase name="CheckExpression" time="0.047" classname="com.TestCalc.app.Calc"/>
  <testcase name="CheckResult" time="0.038" classname="com.TestCalc.app.Calc"/>
</testsuite> <!-- com.TestCalc.app.Calc -->
