<?xml version="1.0" encoding="UTF-8"?>
<!-- Generated by org.testng.reporters.JUnitReportReporter -->
<testsuite skipped="0" hostname="HININL151173" name="com.AdmitTool.app.Calc" tests="2" failures="0" timestamp="16 апр 2022 14:26:48 GMT" time="0.084" errors="0">
  <testcase name="CheckExpression" time="0.048" classname="com.AdmitTool.app.Calc"/>
  <testcase name="CheckResult" time="0.036" classname="com.AdmitTool.app.Calc"/>
</testsuite> <!-- com.AdmitTool.app.Calc -->
