<?xml version="1.0" encoding="UTF-8"?>
<!-- Generated by org.testng.reporters.JUnitReportReporter -->
<testsuite skipped="0" hostname="HININL151173" name="com.orangeHRM.app.OrangeHRM_Login_Parameterization_Using_DataProvider" tests="3" failures="0" timestamp="17 ноя 2020 12:45:02 GMT" time="28.962" errors="0">
  <testcase name="Login" time="11.949" classname="com.orangeHRM.app.OrangeHRM_Login_Parameterization_Using_DataProvider"/>
  <testcase name="Login" time="8.528" classname="com.orangeHRM.app.OrangeHRM_Login_Parameterization_Using_DataProvider"/>
  <testcase name="Login" time="8.485" classname="com.orangeHRM.app.OrangeHRM_Login_Parameterization_Using_DataProvider"/>
</testsuite> <!-- com.orangeHRM.app.OrangeHRM_Login_Parameterization_Using_DataProvider -->
