<?xml version="1.0" encoding="UTF-8"?>
<!-- Generated by org.testng.reporters.JUnitReportReporter -->
<testsuite skipped="0" hostname="HININL151173" name="com.orangeHRM.app.Verufy_UserName_MaxLength" tests="1" failures="0" timestamp="10 ноя 2020 13:20:03 GMT" time="20.908" errors="0">
  <testcase name="f" time="20.908" classname="com.orangeHRM.app.Verufy_UserName_MaxLength"/>
</testsuite> <!-- com.orangeHRM.app.Verufy_UserName_MaxLength -->
